<?xml version="1.0" encoding="UTF-8"?>
<beans xmlns="http://www.springframework.org/schema/beans"
       xmlns:xsi="http://www.w3.org/2001/XMLSchema-instance"
       xmlns:context="http://www.springframework.org/schema/context"
       xmlns:aop="http://www.springframework.org/schema/aop"
       xmlns:tx="http://www.springframework.org/schema/tx"
       xsi:schemaLocation="http://www.springframework.org/schema/beans
        http://www.springframework.org/schema/beans/spring-beans-4.0.xsd
        http://www.springframework.org/schema/context
        http://www.springframework.org/schema/context/spring-context-4.0.xsd
        http://www.springframework.org/schema/aop
        http://www.springframework.org/schema/aop/spring-aop.xsd
        http://www.springframework.org/schema/tx
        http://www.springframework.org/schema/tx/spring-tx.xsd">

    <context:annotation-config/>
    <context:component-scan base-package="by.leonovich.notizieportale.dao"/>
    <import resource="classpath*:beans-dao.xml"/>
    <aop:aspectj-autoproxy/>

    <bean id="dataSource" class="org.apache.commons.dbcp.BasicDataSource">
        <property name="url" value="jdbc:mysql://localhost:3306/mysitetest"/>
        <property name="driverClassName" value="com.mysql.jdbc.Driver"/>
        <property name="username" value="root"/>
        <property name="password" value="21021991"/>
        <property name="initialSize" value="20"/>
        <property name="maxActive" value="30"/>
        <property name="defaultTransactionIsolation" value="2"/>
    </bean>
    <bean id="sessionFactory" class="org.springframework.orm.hibernate4.LocalSessionFactoryBean">
        <property name="dataSource" ref="dataSource"/>
        <property name="packagesToScan" value="by.leonovich.notizieportale.domain"/>
        <property name="namingStrategy">
            <bean class="by.leonovich.notizieportale.util.CustomNamingStrategy"/>
        </property>
        <property name="hibernateProperties">
            <props>
                <prop key="hibernate.show_sql">true</prop>
                <prop key="debug">true</prop>
                <prop key="hibernate.dialect">org.hibernate.dialect.MySQL5Dialect</prop>
                <prop key="hibernate.cglib.use_reflection_optimizer">true</prop>
                <prop key="hibernate.hbm2ddl.auto">create</prop>
                <prop key="hibernate.connection.isolation">2</prop>
            </props>
        </property>
    </bean>
    <!-- TRANSACTION SETTINGS -->
    <bean id="txManager" class="org.springframework.orm.hibernate4.HibernateTransactionManager">
        <property name="sessionFactory" ref="sessionFactory"/>
    </bean>
    <tx:annotation-driven proxy-target-class="true" transaction-manager="txManager"/>

</beans>
